<?xml version="1.0" encoding="UTF-8"?>
<!-- Generated by org.testng.reporters.JUnitXMLReporter -->
<testsuite hostname="Nishant-PC" ignored="0" name="Test" tests="4" failures="0" timestamp="27 Nov 2018 08:40:32 GMT" time="44.66" errors="0">
  <testcase name="LoginPageTest" time="0.025" classname="com.qa.test.LoginPageTestData"/>
  <testcase name="HomePageHeadingTest" time="0.011" classname="com.qa.test.HomePageTest"/>
  <testcase name="JBKHeadingTestM" time="0.028" classname="com.qa.test.JBKPageTest"/>
  <testcase name="reg_DialogueheadingTest" time="0.027" classname="com.qa.test.Reg_PageTest"/>
</testsuite> <!-- Test -->
